
1) Add Data
2) Display Data
3) Remove Recipe
4) Load XML
5) Write XML
6) Find Ingredient in Recipe
7) Calculate Calories
8) Calculate Volume
9) Calculate Calorie Density
0) Quit

Choice:> [34;1m4[0m
File name:> [34;1mfullClean.xml[0m

1) Add Data
2) Display Data
3) Remove Recipe
4) Load XML
5) Write XML
6) Find Ingredient in Recipe
7) Calculate Calories
8) Calculate Volume
9) Calculate Calorie Density
0) Quit

Choice:> [34;1m2[0m

Recipe: Milk
==================================
  ______Milk______
  Cups: 1
  Calories: 103

          
Recipe: Pint of milk
==================================
  Remeasure to 2.0 cups
    ______Milk______
    Cups: 1
    Calories: 103

          
Recipe: Condensed milk
==================================
  Simmered (0.25)
    ______Milk______
    Cups: 1
    Calories: 103

          
Recipe: Half and half
==================================
  Blend
  *****************************
    ______Milk______
    Cups: 0.5
    Calories: 103

    ______Cream______
    Cups: 0.5
    Calories: 490
  *****************************

          
Recipe: Sweetened condensed milk
==================================
  Simmered (0.25)
    Blend
    *****************************
      ______Milk______
      Cups: 0.5
      Calories: 103

      ______Sugar______
      Cups: 0.12
      Calories: 96
    *****************************

          
Recipe: Shortbread
==================================
  baked dough (1.5)
    Dough
    *****************************
      ______Butter______
      Cups: 1
      Calories: 1628

      ______Flour______
      Cups: 1.25
      Calories: 455

      Remeasure to 0.75 cups
        ______Sugar______
        Cups: 1
        Calories: 773
    *****************************

          
1) Add Data
2) Display Data
3) Remove Recipe
4) Load XML
5) Write XML
6) Find Ingredient in Recipe
7) Calculate Calories
8) Calculate Volume
9) Calculate Calorie Density
0) Quit

Choice:> [34;1m1[0m
What recipe:> [34;1moatmeal[0m
What ingredient (mix, baked, remeasure, single):> [34;1mb[0m
Name:> [34;1mporridge[0m
Expansion Factor:> [34;1m2.2[0m
What ingredient (mix, baked, remeasure, single):> [34;1mmix[0m
Name:> [34;1msoaked oatmeal[0m
What ingredient (mix, baked, remeasure, single):> [34;1ms[0m
Name:> [34;1mwater[0m
Calories:> [34;1m0[0m
Cups:> [34;1m1[0m
Added single
Add another ingredient (y/n):> [34;1my[0m
What ingredient (mix, baked, remeasure, single):> [34;1mr[0m
New Quantity:> [34;1m0.75[0m
What ingredient (mix, baked, remeasure, single):> [34;1ms[0m
Name:> [34;1moats[0m
Calories:> [34;1m607[0m
Cups:> [34;1m1[0m
Added single
Added remeasure
Add another ingredient (y/n):> [34;1mn[0m
Added mix
Added baked

1) Add Data
2) Display Data
3) Remove Recipe
4) Load XML
5) Write XML
6) Find Ingredient in Recipe
7) Calculate Calories
8) Calculate Volume
9) Calculate Calorie Density
0) Quit

Choice:> [34;1m5[0m
File name:> [34;1mtier3_Out.xml[0m

1) Add Data
2) Display Data
3) Remove Recipe
4) Load XML
5) Write XML
6) Find Ingredient in Recipe
7) Calculate Calories
8) Calculate Volume
9) Calculate Calorie Density
0) Quit

Choice:> [34;1m3[0m
What recipe:> [34;1mmilk[0m
removed milk

1) Add Data
2) Display Data
3) Remove Recipe
4) Load XML
5) Write XML
6) Find Ingredient in Recipe
7) Calculate Calories
8) Calculate Volume
9) Calculate Calorie Density
0) Quit

Choice:> [34;1m3[0m
What recipe:> [34;1mpint of MILK[0m
removed pint of milk

1) Add Data
2) Display Data
3) Remove Recipe
4) Load XML
5) Write XML
6) Find Ingredient in Recipe
7) Calculate Calories
8) Calculate Volume
9) Calculate Calorie Density
0) Quit

Choice:> [34;1m3[0m
What recipe:> [34;1mcondensed milk[0m
removed condensed milk

1) Add Data
2) Display Data
3) Remove Recipe
4) Load XML
5) Write XML
6) Find Ingredient in Recipe
7) Calculate Calories
8) Calculate Volume
9) Calculate Calorie Density
0) Quit

Choice:> [34;1m3[0m
What recipe:> [34;1mhalf and half[0m
removed half and half

1) Add Data
2) Display Data
3) Remove Recipe
4) Load XML
5) Write XML
6) Find Ingredient in Recipe
7) Calculate Calories
8) Calculate Volume
9) Calculate Calorie Density
0) Quit

Choice:> [34;1m3[0m
What recipe:> [34;1mshortbread[0m
removed shortbread

1) Add Data
2) Display Data
3) Remove Recipe
4) Load XML
5) Write XML
6) Find Ingredient in Recipe
7) Calculate Calories
8) Calculate Volume
9) Calculate Calorie Density
0) Quit

Choice:> [34;1m3[0m
What recipe:> [34;1moatmeal[0m
removed oatmeal

1) Add Data
2) Display Data
3) Remove Recipe
4) Load XML
5) Write XML
6) Find Ingredient in Recipe
7) Calculate Calories
8) Calculate Volume
9) Calculate Calorie Density
0) Quit

Choice:> [34;1m2[0m

Recipe: Sweetened condensed milk
==================================
  Simmered (0.25)
    Blend
    *****************************
      ______Milk______
      Cups: 0.5
      Calories: 103

      ______Sugar______
      Cups: 0.12
      Calories: 96
    *****************************

          
1) Add Data
2) Display Data
3) Remove Recipe
4) Load XML
5) Write XML
6) Find Ingredient in Recipe
7) Calculate Calories
8) Calculate Volume
9) Calculate Calorie Density
0) Quit

Choice:> [34;1m4[0m
File name:> [34;1mtier3_Out.xml[0m

1) Add Data
2) Display Data
3) Remove Recipe
4) Load XML
5) Write XML
6) Find Ingredient in Recipe
7) Calculate Calories
8) Calculate Volume
9) Calculate Calorie Density
0) Quit

Choice:> [34;1m2[0m

Recipe: Sweetened condensed milk
==================================
  Simmered (0.25)
    Blend
    *****************************
      ______Milk______
      Cups: 0.5
      Calories: 103

      ______Sugar______
      Cups: 0.12
      Calories: 96
    *****************************

          
Recipe: Milk
==================================
  ______Milk______
  Cups: 1
  Calories: 103

          
Recipe: Pint of milk
==================================
  Remeasure to 2.0 cups
    ______Milk______
    Cups: 1
    Calories: 103

          
Recipe: Condensed milk
==================================
  Simmered (0.25)
    ______Milk______
    Cups: 1
    Calories: 103

          
Recipe: Half and half
==================================
  Blend
  *****************************
    ______Milk______
    Cups: 0.5
    Calories: 103

    ______Cream______
    Cups: 0.5
    Calories: 490
  *****************************

          
Recipe: Sweetened condensed milk
==================================
  Simmered (0.25)
    Blend
    *****************************
      ______Milk______
      Cups: 0.5
      Calories: 103

      ______Sugar______
      Cups: 0.12
      Calories: 96
    *****************************

          
Recipe: Shortbread
==================================
  baked dough (1.5)
    Dough
    *****************************
      ______Butter______
      Cups: 1
      Calories: 1628

      ______Flour______
      Cups: 1.25
      Calories: 455

      Remeasure to 0.75 cups
        ______Sugar______
        Cups: 1
        Calories: 773
    *****************************

          
Recipe: Oatmeal
==================================
  Porridge (2.2)
    Soaked oatmeal
    *****************************
      ______Water______
      Cups: 1
      Calories: 0

      Remeasure to 0.75 cups
        ______Oats______
        Cups: 1
        Calories: 607
    *****************************

          
1) Add Data
2) Display Data
3) Remove Recipe
4) Load XML
5) Write XML
6) Find Ingredient in Recipe
7) Calculate Calories
8) Calculate Volume
9) Calculate Calorie Density
0) Quit

Choice:> [34;1m0[0m

