
1) Add Data
2) Display Data
3) Remove Recipe
4) Load XML
5) Write XML
6) Find Ingredient in Recipe
7) Calculate Calories
8) Calculate Volume
9) Calculate Calorie Density
0) Quit

Choice:> [34;1m4[0m
File name:> [34;1mfullClean.xml[0m

1) Add Data
2) Display Data
3) Remove Recipe
4) Load XML
5) Write XML
6) Find Ingredient in Recipe
7) Calculate Calories
8) Calculate Volume
9) Calculate Calorie Density
0) Quit

Choice:> [34;1m4[0m
File name:> [34;1mOatmeal.xml[0m

1) Add Data
2) Display Data
3) Remove Recipe
4) Load XML
5) Write XML
6) Find Ingredient in Recipe
7) Calculate Calories
8) Calculate Volume
9) Calculate Calorie Density
0) Quit

Choice:> [34;1m5[0m
File name:> [34;1mtier2C_Out.xml[0m

1) Add Data
2) Display Data
3) Remove Recipe
4) Load XML
5) Write XML
6) Find Ingredient in Recipe
7) Calculate Calories
8) Calculate Volume
9) Calculate Calorie Density
0) Quit

Choice:> [34;1m0[0m

